2019-08-30 21:44:45,294 [restartedMain] INFO  i.v.d.TestSpringSecurityApplication 50 - Starting TestSpringSecurityApplication on PC201810182139 with PID 33704 (started by Administrator in E:\私人项目\testDemo\security\Test-spring-security)
2019-08-30 21:44:45,309 [restartedMain] INFO  i.v.d.TestSpringSecurityApplication 647 - No active profile set, falling back to default profiles: default
2019-08-30 21:44:45,735 [restartedMain] INFO  o.s.b.d.e.DevToolsPropertyDefaultsPostProcessor 225 - Devtools property defaults active! Set 'spring.devtools.add-properties' to 'false' to disable
2019-08-30 21:44:45,735 [restartedMain] INFO  o.s.b.d.e.DevToolsPropertyDefaultsPostProcessor 225 - For additional web related logging consider setting the 'logging.level.web' property to 'DEBUG'
2019-08-30 21:44:50,295 [restartedMain] INFO  o.s.b.w.e.tomcat.TomcatWebServer 90 - Tomcat initialized with port(s): 9000 (http)
2019-08-30 21:44:50,617 [restartedMain] INFO  o.a.coyote.http11.Http11NioProtocol 173 - Initializing ProtocolHandler ["http-nio-9000"]
2019-08-30 21:44:50,665 [restartedMain] INFO  o.a.catalina.core.StandardService 173 - Starting service [Tomcat]
2019-08-30 21:44:50,666 [restartedMain] INFO  o.a.catalina.core.StandardEngine 173 - Starting Servlet engine: [Apache Tomcat/9.0.22]
2019-08-30 21:44:50,964 [restartedMain] INFO  o.a.c.c.C.[Tomcat].[localhost].[/] 173 - Initializing Spring embedded WebApplicationContext
2019-08-30 21:44:50,964 [restartedMain] INFO  o.s.web.context.ContextLoader 284 - Root WebApplicationContext: initialization completed in 5228 ms
2019-08-30 21:44:51,311 [restartedMain] INFO  c.a.d.s.b.a.DruidDataSourceAutoConfigure 56 - Init DruidDataSource
2019-08-30 21:44:51,955 [restartedMain] INFO  c.alibaba.druid.pool.DruidDataSource 106 - {dataSource-1} inited
2019-08-30 21:44:52,912 [restartedMain] INFO  o.s.s.web.DefaultSecurityFilterChain 43 - Creating filter chain: Ant [pattern='/index.html'], []
2019-08-30 21:44:52,912 [restartedMain] INFO  o.s.s.web.DefaultSecurityFilterChain 43 - Creating filter chain: Ant [pattern='/static/**'], []
2019-08-30 21:44:52,912 [restartedMain] INFO  o.s.s.web.DefaultSecurityFilterChain 43 - Creating filter chain: Ant [pattern='/swagger-ui.html'], []
2019-08-30 21:44:52,913 [restartedMain] INFO  o.s.s.web.DefaultSecurityFilterChain 43 - Creating filter chain: Ant [pattern='/swagger-resources/**'], []
2019-08-30 21:44:52,913 [restartedMain] INFO  o.s.s.web.DefaultSecurityFilterChain 43 - Creating filter chain: Ant [pattern='/v2/api-docs'], []
2019-08-30 21:44:52,913 [restartedMain] INFO  o.s.s.web.DefaultSecurityFilterChain 43 - Creating filter chain: Ant [pattern='/doc.html'], []
2019-08-30 21:44:52,913 [restartedMain] INFO  o.s.s.web.DefaultSecurityFilterChain 43 - Creating filter chain: Ant [pattern='/docs/**'], []
2019-08-30 21:44:52,914 [restartedMain] INFO  o.s.s.web.DefaultSecurityFilterChain 43 - Creating filter chain: Ant [pattern='/img/**'], []
2019-08-30 21:44:52,914 [restartedMain] INFO  o.s.s.web.DefaultSecurityFilterChain 43 - Creating filter chain: Ant [pattern='/fonts/**'], []
2019-08-30 21:44:52,914 [restartedMain] INFO  o.s.s.web.DefaultSecurityFilterChain 43 - Creating filter chain: Ant [pattern='/js/**'], []
2019-08-30 21:44:52,915 [restartedMain] INFO  o.s.s.web.DefaultSecurityFilterChain 43 - Creating filter chain: Ant [pattern='/css/**'], []
2019-08-30 21:44:52,915 [restartedMain] INFO  o.s.s.web.DefaultSecurityFilterChain 43 - Creating filter chain: Ant [pattern='/webjars/**'], []
2019-08-30 21:44:52,959 [restartedMain] INFO  o.s.s.web.DefaultSecurityFilterChain 43 - Creating filter chain: any request, [org.springframework.security.web.context.request.async.WebAsyncManagerIntegrationFilter@6ed80649, org.springframework.security.web.context.SecurityContextPersistenceFilter@5153f113, org.springframework.security.web.header.HeaderWriterFilter@39a64c97, org.springframework.security.web.authentication.logout.LogoutFilter@5a741bd0, org.springframework.security.web.authentication.UsernamePasswordAuthenticationFilter@3e259710, org.springframework.security.web.authentication.ui.DefaultLoginPageGeneratingFilter@1b191a2f, org.springframework.security.web.authentication.ui.DefaultLogoutPageGeneratingFilter@7c578195, org.springframework.security.web.savedrequest.RequestCacheAwareFilter@5723e52b, org.springframework.security.web.servletapi.SecurityContextHolderAwareRequestFilter@41d0c873, org.springframework.security.web.authentication.AnonymousAuthenticationFilter@26807bcd, org.springframework.security.web.session.SessionManagementFilter@f3ed354, org.springframework.security.web.access.ExceptionTranslationFilter@14e6606c, org.springframework.security.web.access.intercept.FilterSecurityInterceptor@20d104a9]
2019-08-30 21:44:53,263 [restartedMain] INFO  o.s.s.c.ThreadPoolTaskExecutor 171 - Initializing ExecutorService 'applicationTaskExecutor'
2019-08-30 21:44:53,763 [restartedMain] INFO  o.s.b.d.a.OptionalLiveReloadServer 57 - LiveReload server is running on port 35729
2019-08-30 21:44:53,845 [restartedMain] INFO  o.a.coyote.http11.Http11NioProtocol 173 - Starting ProtocolHandler ["http-nio-9000"]
2019-08-30 21:44:53,878 [restartedMain] INFO  o.s.b.w.e.tomcat.TomcatWebServer 202 - Tomcat started on port(s): 9000 (http) with context path ''
2019-08-30 21:44:53,882 [restartedMain] INFO  i.v.d.TestSpringSecurityApplication 59 - Started TestSpringSecurityApplication in 11.231 seconds (JVM running for 16.855)
2019-08-30 21:45:02,922 [http-nio-9000-exec-2] INFO  o.a.c.c.C.[Tomcat].[localhost].[/] 173 - Initializing Spring DispatcherServlet 'dispatcherServlet'
2019-08-30 21:45:02,922 [http-nio-9000-exec-2] INFO  o.s.web.servlet.DispatcherServlet 524 - Initializing Servlet 'dispatcherServlet'
2019-08-30 21:45:02,952 [http-nio-9000-exec-2] INFO  o.s.web.servlet.DispatcherServlet 546 - Completed initialization in 29 ms
2019-08-30 21:47:57,174 [restartedMain] INFO  i.v.d.TestSpringSecurityApplication 50 - Starting TestSpringSecurityApplication on PC201810182139 with PID 25876 (started by Administrator in E:\私人项目\testDemo\security\Test-spring-security)
2019-08-30 21:47:57,184 [restartedMain] INFO  i.v.d.TestSpringSecurityApplication 647 - No active profile set, falling back to default profiles: default
2019-08-30 21:47:57,346 [restartedMain] INFO  o.s.b.d.e.DevToolsPropertyDefaultsPostProcessor 225 - Devtools property defaults active! Set 'spring.devtools.add-properties' to 'false' to disable
2019-08-30 21:47:57,348 [restartedMain] INFO  o.s.b.d.e.DevToolsPropertyDefaultsPostProcessor 225 - For additional web related logging consider setting the 'logging.level.web' property to 'DEBUG'
2019-08-30 21:47:59,649 [restartedMain] INFO  o.s.b.w.e.tomcat.TomcatWebServer 90 - Tomcat initialized with port(s): 9000 (http)
2019-08-30 21:47:59,673 [restartedMain] INFO  o.a.coyote.http11.Http11NioProtocol 173 - Initializing ProtocolHandler ["http-nio-9000"]
2019-08-30 21:47:59,689 [restartedMain] INFO  o.a.catalina.core.StandardService 173 - Starting service [Tomcat]
2019-08-30 21:47:59,689 [restartedMain] INFO  o.a.catalina.core.StandardEngine 173 - Starting Servlet engine: [Apache Tomcat/9.0.22]
2019-08-30 21:47:59,823 [restartedMain] INFO  o.a.c.c.C.[Tomcat].[localhost].[/] 173 - Initializing Spring embedded WebApplicationContext
2019-08-30 21:47:59,824 [restartedMain] INFO  o.s.web.context.ContextLoader 284 - Root WebApplicationContext: initialization completed in 2476 ms
2019-08-30 21:48:00,055 [restartedMain] INFO  c.a.d.s.b.a.DruidDataSourceAutoConfigure 56 - Init DruidDataSource
2019-08-30 21:48:00,625 [restartedMain] INFO  c.alibaba.druid.pool.DruidDataSource 106 - {dataSource-1} inited
2019-08-30 21:48:01,063 [restartedMain] INFO  o.s.s.web.DefaultSecurityFilterChain 43 - Creating filter chain: Ant [pattern='/index.html'], []
2019-08-30 21:48:01,063 [restartedMain] INFO  o.s.s.web.DefaultSecurityFilterChain 43 - Creating filter chain: Ant [pattern='/static/**'], []
2019-08-30 21:48:01,064 [restartedMain] INFO  o.s.s.web.DefaultSecurityFilterChain 43 - Creating filter chain: Ant [pattern='/swagger-ui.html'], []
2019-08-30 21:48:01,064 [restartedMain] INFO  o.s.s.web.DefaultSecurityFilterChain 43 - Creating filter chain: Ant [pattern='/swagger-resources/**'], []
2019-08-30 21:48:01,064 [restartedMain] INFO  o.s.s.web.DefaultSecurityFilterChain 43 - Creating filter chain: Ant [pattern='/v2/api-docs'], []
2019-08-30 21:48:01,064 [restartedMain] INFO  o.s.s.web.DefaultSecurityFilterChain 43 - Creating filter chain: Ant [pattern='/doc.html'], []
2019-08-30 21:48:01,065 [restartedMain] INFO  o.s.s.web.DefaultSecurityFilterChain 43 - Creating filter chain: Ant [pattern='/docs/**'], []
2019-08-30 21:48:01,065 [restartedMain] INFO  o.s.s.web.DefaultSecurityFilterChain 43 - Creating filter chain: Ant [pattern='/img/**'], []
2019-08-30 21:48:01,065 [restartedMain] INFO  o.s.s.web.DefaultSecurityFilterChain 43 - Creating filter chain: Ant [pattern='/fonts/**'], []
2019-08-30 21:48:01,065 [restartedMain] INFO  o.s.s.web.DefaultSecurityFilterChain 43 - Creating filter chain: Ant [pattern='/js/**'], []
2019-08-30 21:48:01,066 [restartedMain] INFO  o.s.s.web.DefaultSecurityFilterChain 43 - Creating filter chain: Ant [pattern='/css/**'], []
2019-08-30 21:48:01,066 [restartedMain] INFO  o.s.s.web.DefaultSecurityFilterChain 43 - Creating filter chain: Ant [pattern='/webjars/**'], []
2019-08-30 21:48:01,107 [restartedMain] INFO  o.s.s.web.DefaultSecurityFilterChain 43 - Creating filter chain: any request, [org.springframework.security.web.context.request.async.WebAsyncManagerIntegrationFilter@42c6a9a9, org.springframework.security.web.context.SecurityContextPersistenceFilter@1b55b4f4, org.springframework.security.web.header.HeaderWriterFilter@1fcb42b6, org.springframework.security.web.authentication.logout.LogoutFilter@3c92c10c, org.springframework.security.web.authentication.UsernamePasswordAuthenticationFilter@6a723bcd, org.springframework.security.web.authentication.ui.DefaultLoginPageGeneratingFilter@476825b0, org.springframework.security.web.authentication.ui.DefaultLogoutPageGeneratingFilter@39114e6f, org.springframework.security.web.savedrequest.RequestCacheAwareFilter@709863b7, org.springframework.security.web.servletapi.SecurityContextHolderAwareRequestFilter@4b172892, org.springframework.security.web.authentication.AnonymousAuthenticationFilter@13e7e128, org.springframework.security.web.session.SessionManagementFilter@5c5b516, org.springframework.security.web.access.ExceptionTranslationFilter@1fb6a680, org.springframework.security.web.access.intercept.FilterSecurityInterceptor@48b5fc76]
2019-08-30 21:48:01,303 [restartedMain] INFO  o.s.s.c.ThreadPoolTaskExecutor 171 - Initializing ExecutorService 'applicationTaskExecutor'
2019-08-30 21:48:01,729 [restartedMain] INFO  o.s.b.d.a.OptionalLiveReloadServer 57 - LiveReload server is running on port 35729
2019-08-30 21:48:01,830 [restartedMain] INFO  o.a.coyote.http11.Http11NioProtocol 173 - Starting ProtocolHandler ["http-nio-9000"]
2019-08-30 21:48:01,873 [restartedMain] INFO  o.s.b.w.e.tomcat.TomcatWebServer 202 - Tomcat started on port(s): 9000 (http) with context path ''
2019-08-30 21:48:01,883 [restartedMain] INFO  i.v.d.TestSpringSecurityApplication 59 - Started TestSpringSecurityApplication in 5.662 seconds (JVM running for 7.533)
2019-08-30 21:48:32,759 [http-nio-9000-exec-4] INFO  o.a.c.c.C.[Tomcat].[localhost].[/] 173 - Initializing Spring DispatcherServlet 'dispatcherServlet'
2019-08-30 21:48:32,759 [http-nio-9000-exec-4] INFO  o.s.web.servlet.DispatcherServlet 524 - Initializing Servlet 'dispatcherServlet'
2019-08-30 21:48:32,770 [http-nio-9000-exec-4] INFO  o.s.web.servlet.DispatcherServlet 546 - Completed initialization in 10 ms
2019-08-30 21:50:35,389 [restartedMain] INFO  i.v.d.TestSpringSecurityApplication 50 - Starting TestSpringSecurityApplication on PC201810182139 with PID 32960 (started by Administrator in E:\私人项目\testDemo\security\Test-spring-security)
2019-08-30 21:50:35,394 [restartedMain] INFO  i.v.d.TestSpringSecurityApplication 647 - No active profile set, falling back to default profiles: default
2019-08-30 21:50:35,483 [restartedMain] INFO  o.s.b.d.e.DevToolsPropertyDefaultsPostProcessor 225 - Devtools property defaults active! Set 'spring.devtools.add-properties' to 'false' to disable
2019-08-30 21:50:35,483 [restartedMain] INFO  o.s.b.d.e.DevToolsPropertyDefaultsPostProcessor 225 - For additional web related logging consider setting the 'logging.level.web' property to 'DEBUG'
2019-08-30 21:50:37,270 [restartedMain] INFO  o.s.b.w.e.tomcat.TomcatWebServer 90 - Tomcat initialized with port(s): 9000 (http)
2019-08-30 21:50:37,284 [restartedMain] INFO  o.a.coyote.http11.Http11NioProtocol 173 - Initializing ProtocolHandler ["http-nio-9000"]
2019-08-30 21:50:37,294 [restartedMain] INFO  o.a.catalina.core.StandardService 173 - Starting service [Tomcat]
2019-08-30 21:50:37,294 [restartedMain] INFO  o.a.catalina.core.StandardEngine 173 - Starting Servlet engine: [Apache Tomcat/9.0.22]
2019-08-30 21:50:37,391 [restartedMain] INFO  o.a.c.c.C.[Tomcat].[localhost].[/] 173 - Initializing Spring embedded WebApplicationContext
2019-08-30 21:50:37,391 [restartedMain] INFO  o.s.web.context.ContextLoader 284 - Root WebApplicationContext: initialization completed in 1907 ms
2019-08-30 21:50:37,614 [restartedMain] INFO  c.a.d.s.b.a.DruidDataSourceAutoConfigure 56 - Init DruidDataSource
2019-08-30 21:50:38,059 [restartedMain] INFO  c.alibaba.druid.pool.DruidDataSource 106 - {dataSource-1} inited
2019-08-30 21:50:38,443 [restartedMain] INFO  o.s.s.web.DefaultSecurityFilterChain 43 - Creating filter chain: Ant [pattern='/index.html'], []
2019-08-30 21:50:38,443 [restartedMain] INFO  o.s.s.web.DefaultSecurityFilterChain 43 - Creating filter chain: Ant [pattern='/static/**'], []
2019-08-30 21:50:38,443 [restartedMain] INFO  o.s.s.web.DefaultSecurityFilterChain 43 - Creating filter chain: Ant [pattern='/swagger-ui.html'], []
2019-08-30 21:50:38,444 [restartedMain] INFO  o.s.s.web.DefaultSecurityFilterChain 43 - Creating filter chain: Ant [pattern='/swagger-resources/**'], []
2019-08-30 21:50:38,444 [restartedMain] INFO  o.s.s.web.DefaultSecurityFilterChain 43 - Creating filter chain: Ant [pattern='/v2/api-docs'], []
2019-08-30 21:50:38,444 [restartedMain] INFO  o.s.s.web.DefaultSecurityFilterChain 43 - Creating filter chain: Ant [pattern='/doc.html'], []
2019-08-30 21:50:38,445 [restartedMain] INFO  o.s.s.web.DefaultSecurityFilterChain 43 - Creating filter chain: Ant [pattern='/docs/**'], []
2019-08-30 21:50:38,445 [restartedMain] INFO  o.s.s.web.DefaultSecurityFilterChain 43 - Creating filter chain: Ant [pattern='/img/**'], []
2019-08-30 21:50:38,445 [restartedMain] INFO  o.s.s.web.DefaultSecurityFilterChain 43 - Creating filter chain: Ant [pattern='/fonts/**'], []
2019-08-30 21:50:38,445 [restartedMain] INFO  o.s.s.web.DefaultSecurityFilterChain 43 - Creating filter chain: Ant [pattern='/js/**'], []
2019-08-30 21:50:38,446 [restartedMain] INFO  o.s.s.web.DefaultSecurityFilterChain 43 - Creating filter chain: Ant [pattern='/css/**'], []
2019-08-30 21:50:38,446 [restartedMain] INFO  o.s.s.web.DefaultSecurityFilterChain 43 - Creating filter chain: Ant [pattern='/webjars/**'], []
2019-08-30 21:50:38,487 [restartedMain] INFO  o.s.s.web.DefaultSecurityFilterChain 43 - Creating filter chain: any request, [org.springframework.security.web.context.request.async.WebAsyncManagerIntegrationFilter@27aa9dc0, org.springframework.security.web.context.SecurityContextPersistenceFilter@3ce146c6, org.springframework.security.web.header.HeaderWriterFilter@f7688e5, org.springframework.security.web.authentication.logout.LogoutFilter@59c9a43a, org.springframework.security.web.authentication.UsernamePasswordAuthenticationFilter@15f3ccac, org.springframework.security.web.authentication.ui.DefaultLoginPageGeneratingFilter@3e271e2f, org.springframework.security.web.authentication.ui.DefaultLogoutPageGeneratingFilter@2cb7a335, org.springframework.security.web.savedrequest.RequestCacheAwareFilter@3f14006b, org.springframework.security.web.servletapi.SecurityContextHolderAwareRequestFilter@4013fc18, org.springframework.security.web.authentication.AnonymousAuthenticationFilter@72405830, org.springframework.security.web.session.SessionManagementFilter@127ef3b8, org.springframework.security.web.access.ExceptionTranslationFilter@6f09df8d, org.springframework.security.web.access.intercept.FilterSecurityInterceptor@197af61e]
2019-08-30 21:50:38,645 [restartedMain] INFO  o.s.s.c.ThreadPoolTaskExecutor 171 - Initializing ExecutorService 'applicationTaskExecutor'
2019-08-30 21:50:38,953 [restartedMain] INFO  o.s.b.d.a.OptionalLiveReloadServer 57 - LiveReload server is running on port 35729
2019-08-30 21:50:39,002 [restartedMain] INFO  o.a.coyote.http11.Http11NioProtocol 173 - Starting ProtocolHandler ["http-nio-9000"]
2019-08-30 21:50:39,023 [restartedMain] INFO  o.s.b.w.e.tomcat.TomcatWebServer 202 - Tomcat started on port(s): 9000 (http) with context path ''
2019-08-30 21:50:39,028 [restartedMain] INFO  i.v.d.TestSpringSecurityApplication 59 - Started TestSpringSecurityApplication in 4.836 seconds (JVM running for 7.301)
2019-08-30 21:50:47,810 [http-nio-9000-exec-1] INFO  o.a.c.c.C.[Tomcat].[localhost].[/] 173 - Initializing Spring DispatcherServlet 'dispatcherServlet'
2019-08-30 21:50:47,810 [http-nio-9000-exec-1] INFO  o.s.web.servlet.DispatcherServlet 524 - Initializing Servlet 'dispatcherServlet'
2019-08-30 21:50:47,821 [http-nio-9000-exec-1] INFO  o.s.web.servlet.DispatcherServlet 546 - Completed initialization in 11 ms
